<?xml version="1.0" encoding="UTF-8"?>
<testsuite xmlns:xsi="http://www.w3.org/2001/XMLSchema-instance" xsi:noNamespaceSchemaLocation="https://maven.apache.org/surefire/maven-surefire-plugin/xsd/surefire-test-report-3.0.xsd" version="3.0" name="TestSuite" time="221.431" tests="4" errors="0" skipped="0" failures="1">
  <properties>
    <property name="gopherProxySet" value="false"/>
    <property name="awt.toolkit" value="sun.lwawt.macosx.LWCToolkit"/>
    <property name="java.specification.version" value="11"/>
    <property name="sun.cpu.isalist" value=""/>
    <property name="sun.jnu.encoding" value="UTF-8"/>
    <property name="java.class.path" value="/Users/gbm/Downloads/eclipse-workspace1/PeformanceInteractiveDashboard/target/test-classes:/Users/gbm/Downloads/eclipse-workspace1/PeformanceInteractiveDashboard/target/classes:/Users/gbm/.m2/repository/net/sourceforge/lept4j/lept4j/1.6.0/lept4j-1.6.0.jar:/Users/gbm/.m2/repository/net/java/dev/jna/jna/4.1.0/jna-4.1.0.jar:/Users/gbm/.m2/repository/com/github/jai-imageio/jai-imageio-core/1.3.1/jai-imageio-core-1.3.1.jar:/Users/gbm/.m2/repository/org/testng/testng/6.14.2/testng-6.14.2.jar:/Users/gbm/.m2/repository/com/beust/jcommander/1.72/jcommander-1.72.jar:/Users/gbm/.m2/repository/org/apache-extras/beanshell/bsh/2.0b6/bsh-2.0b6.jar:/Users/gbm/.m2/repository/com/assertthat/selenium-shutterbug/1.5/selenium-shutterbug-1.5.jar:/Users/gbm/.m2/repository/org/projectlombok/lombok/1.18.8/lombok-1.18.8.jar:/Users/gbm/.m2/repository/com/github/zafarkhaja/java-semver/0.9.0/java-semver-0.9.0.jar:/Users/gbm/.m2/repository/io/github/bonigarcia/webdrivermanager/4.0.0/webdrivermanager-4.0.0.jar:/Users/gbm/.m2/repository/org/apache/httpcomponents/client5/httpclient5/5.0/httpclient5-5.0.jar:/Users/gbm/.m2/repository/org/apache/httpcomponents/core5/httpcore5/5.0/httpcore5-5.0.jar:/Users/gbm/.m2/repository/org/apache/httpcomponents/core5/httpcore5-h2/5.0/httpcore5-h2-5.0.jar:/Users/gbm/.m2/repository/org/rauschig/jarchivelib/1.0.0/jarchivelib-1.0.0.jar:/Users/gbm/.m2/repository/org/jsoup/jsoup/1.13.1/jsoup-1.13.1.jar:/Users/gbm/.m2/repository/com/perfecto/reporting-sdk/reportium-java/2.3.3/reportium-java-2.3.3.jar:/Users/gbm/.m2/repository/org/apache/httpcomponents/httpclient/4.5.8/httpclient-4.5.8.jar:/Users/gbm/.m2/repository/commons-logging/commons-logging/1.2/commons-logging-1.2.jar:/Users/gbm/.m2/repository/com/perfecto/reporting-sdk/reportium-import-java/2.2.16/reportium-import-java-2.2.16.jar:/Users/gbm/.m2/repository/com/perfectomobile/pm-webdriver/18.6.0.0/pm-webdriver-18.6.0.0.jar:/Users/gbm/.m2/repository/com/perfectomobile/http-client/18.6.0.0/http-client-18.6.0.0.jar:/Users/gbm/.m2/repository/io/cucumber/cucumber-java/5.7.0/cucumber-java-5.7.0.jar:/Users/gbm/.m2/repository/io/cucumber/cucumber-core/5.7.0/cucumber-core-5.7.0.jar:/Users/gbm/.m2/repository/io/cucumber/cucumber-gherkin/5.7.0/cucumber-gherkin-5.7.0.jar:/Users/gbm/.m2/repository/io/cucumber/cucumber-gherkin-vintage/5.7.0/cucumber-gherkin-vintage-5.7.0.jar:/Users/gbm/.m2/repository/io/cucumber/tag-expressions/2.0.4/tag-expressions-2.0.4.jar:/Users/gbm/.m2/repository/io/cucumber/cucumber-expressions/8.3.1/cucumber-expressions-8.3.1.jar:/Users/gbm/.m2/repository/io/cucumber/datatable/3.3.1/datatable-3.3.1.jar:/Users/gbm/.m2/repository/io/cucumber/cucumber-plugin/5.7.0/cucumber-plugin-5.7.0.jar:/Users/gbm/.m2/repository/io/cucumber/docstring/5.7.0/docstring-5.7.0.jar:/Users/gbm/.m2/repository/org/apiguardian/apiguardian-api/1.1.0/apiguardian-api-1.1.0.jar:/Users/gbm/.m2/repository/com/github/opendevl/json2flat/1.0/json2flat-1.0.jar:/Users/gbm/.m2/repository/com/jayway/jsonpath/json-path/2.4.0/json-path-2.4.0.jar:/Users/gbm/.m2/repository/net/minidev/json-smart/2.3/json-smart-2.3.jar:/Users/gbm/.m2/repository/net/minidev/accessors-smart/1.2/accessors-smart-1.2.jar:/Users/gbm/.m2/repository/org/slf4j/slf4j-api/1.7.25/slf4j-api-1.7.25.jar:/Users/gbm/.m2/repository/org/json/json/20160810/json-20160810.jar:/Users/gbm/.m2/repository/dom4j/dom4j/1.6.1/dom4j-1.6.1.jar:/Users/gbm/.m2/repository/xml-apis/xml-apis/1.0.b2/xml-apis-1.0.b2.jar:/Users/gbm/.m2/repository/jaxen/jaxen/1.1.6/jaxen-1.1.6.jar:/Users/gbm/.m2/repository/org/apache/commons/commons-lang3/3.4/commons-lang3-3.4.jar:/Users/gbm/.m2/repository/commons-io/commons-io/2.4/commons-io-2.4.jar:/Users/gbm/.m2/repository/io/appium/java-client/7.3.0/java-client-7.3.0.jar:/Users/gbm/.m2/repository/cglib/cglib/3.2.12/cglib-3.2.12.jar:/Users/gbm/.m2/repository/org/ow2/asm/asm/7.1/asm-7.1.jar:/Users/gbm/.m2/repository/commons-validator/commons-validator/1.6/commons-validator-1.6.jar:/Users/gbm/.m2/repository/commons-beanutils/commons-beanutils/1.9.2/commons-beanutils-1.9.2.jar:/Users/gbm/.m2/repository/commons-digester/commons-digester/1.8.1/commons-digester-1.8.1.jar:/Users/gbm/.m2/repository/commons-collections/commons-collections/3.2.2/commons-collections-3.2.2.jar:/Users/gbm/.m2/repository/org/springframework/spring-context/5.1.8.RELEASE/spring-context-5.1.8.RELEASE.jar:/Users/gbm/.m2/repository/org/springframework/spring-aop/5.1.8.RELEASE/spring-aop-5.1.8.RELEASE.jar:/Users/gbm/.m2/repository/org/springframework/spring-beans/5.1.8.RELEASE/spring-beans-5.1.8.RELEASE.jar:/Users/gbm/.m2/repository/org/springframework/spring-expression/5.1.8.RELEASE/spring-expression-5.1.8.RELEASE.jar:/Users/gbm/.m2/repository/org/aspectj/aspectjweaver/1.9.4/aspectjweaver-1.9.4.jar:/Users/gbm/.m2/repository/com/fasterxml/jackson/core/jackson-core/2.13.1/jackson-core-2.13.1.jar:/Users/gbm/.m2/repository/com/fasterxml/jackson/module/jackson-module-scala_3/2.13.1/jackson-module-scala_3-2.13.1.jar:/Users/gbm/.m2/repository/org/scala-lang/scala3-library_3/3.0.2/scala3-library_3-3.0.2.jar:/Users/gbm/.m2/repository/org/scala-lang/scala-library/2.13.6/scala-library-2.13.6.jar:/Users/gbm/.m2/repository/com/thoughtworks/paranamer/paranamer/2.8/paranamer-2.8.jar:/Users/gbm/.m2/repository/com/fasterxml/jackson/core/jackson-annotations/2.13.1/jackson-annotations-2.13.1.jar:/Users/gbm/.m2/repository/com/google/guava/guava/24.1-jre/guava-24.1-jre.jar:/Users/gbm/.m2/repository/com/google/code/findbugs/jsr305/1.3.9/jsr305-1.3.9.jar:/Users/gbm/.m2/repository/org/checkerframework/checker-compat-qual/2.0.0/checker-compat-qual-2.0.0.jar:/Users/gbm/.m2/repository/com/google/errorprone/error_prone_annotations/2.1.3/error_prone_annotations-2.1.3.jar:/Users/gbm/.m2/repository/com/google/j2objc/j2objc-annotations/1.1/j2objc-annotations-1.1.jar:/Users/gbm/.m2/repository/org/codehaus/mojo/animal-sniffer-annotations/1.14/animal-sniffer-annotations-1.14.jar:/Users/gbm/.m2/repository/org/seleniumhq/selenium/selenium-java/3.141.59/selenium-java-3.141.59.jar:/Users/gbm/.m2/repository/org/seleniumhq/selenium/selenium-chrome-driver/3.141.59/selenium-chrome-driver-3.141.59.jar:/Users/gbm/.m2/repository/org/seleniumhq/selenium/selenium-edge-driver/3.141.59/selenium-edge-driver-3.141.59.jar:/Users/gbm/.m2/repository/org/seleniumhq/selenium/selenium-firefox-driver/3.141.59/selenium-firefox-driver-3.141.59.jar:/Users/gbm/.m2/repository/org/seleniumhq/selenium/selenium-ie-driver/3.141.59/selenium-ie-driver-3.141.59.jar:/Users/gbm/.m2/repository/org/seleniumhq/selenium/selenium-opera-driver/3.141.59/selenium-opera-driver-3.141.59.jar:/Users/gbm/.m2/repository/org/seleniumhq/selenium/selenium-remote-driver/3.141.59/selenium-remote-driver-3.141.59.jar:/Users/gbm/.m2/repository/org/seleniumhq/selenium/selenium-safari-driver/3.141.59/selenium-safari-driver-3.141.59.jar:/Users/gbm/.m2/repository/net/bytebuddy/byte-buddy/1.8.15/byte-buddy-1.8.15.jar:/Users/gbm/.m2/repository/org/apache/commons/commons-exec/1.3/commons-exec-1.3.jar:/Users/gbm/.m2/repository/com/squareup/okhttp3/okhttp/3.11.0/okhttp-3.11.0.jar:/Users/gbm/.m2/repository/com/squareup/okio/okio/1.14.0/okio-1.14.0.jar:/Users/gbm/.m2/repository/org/seleniumhq/selenium/selenium-api/3.141.59/selenium-api-3.141.59.jar:/Users/gbm/.m2/repository/org/seleniumhq/selenium/selenium-support/3.141.59/selenium-support-3.141.59.jar:/Users/gbm/.m2/repository/com/googlecode/json-simple/json-simple/1.1.1/json-simple-1.1.1.jar:/Users/gbm/.m2/repository/junit/junit/4.10/junit-4.10.jar:/Users/gbm/.m2/repository/commons-lang/commons-lang/2.6/commons-lang-2.6.jar:/Users/gbm/.m2/repository/com/google/code/gson/gson/2.8.6/gson-2.8.6.jar:/Users/gbm/.m2/repository/org/hamcrest/hamcrest-core/1.3/hamcrest-core-1.3.jar:/Users/gbm/.m2/repository/com/google/api-client/google-api-client/2.6.0/google-api-client-2.6.0.jar:/Users/gbm/.m2/repository/commons-codec/commons-codec/1.17.0/commons-codec-1.17.0.jar:/Users/gbm/.m2/repository/com/google/auth/google-auth-library-credentials/1.23.0/google-auth-library-credentials-1.23.0.jar:/Users/gbm/.m2/repository/com/google/auth/google-auth-library-oauth2-http/1.23.0/google-auth-library-oauth2-http-1.23.0.jar:/Users/gbm/.m2/repository/com/google/auto/value/auto-value-annotations/1.10.4/auto-value-annotations-1.10.4.jar:/Users/gbm/.m2/repository/com/google/http-client/google-http-client-gson/1.44.2/google-http-client-gson-1.44.2.jar:/Users/gbm/.m2/repository/com/google/http-client/google-http-client-apache-v2/1.44.2/google-http-client-apache-v2-1.44.2.jar:/Users/gbm/.m2/repository/org/apache/httpcomponents/httpcore/4.4.16/httpcore-4.4.16.jar:/Users/gbm/.m2/repository/com/google/http-client/google-http-client/1.44.2/google-http-client-1.44.2.jar:/Users/gbm/.m2/repository/io/grpc/grpc-context/1.60.1/grpc-context-1.60.1.jar:/Users/gbm/.m2/repository/io/opencensus/opencensus-api/0.31.1/opencensus-api-0.31.1.jar:/Users/gbm/.m2/repository/io/opencensus/opencensus-contrib-http-util/0.31.1/opencensus-contrib-http-util-0.31.1.jar:/Users/gbm/.m2/repository/com/google/oauth-client/google-oauth-client/1.36.0/google-oauth-client-1.36.0.jar:/Users/gbm/.m2/repository/com/google/api-client/google-api-client-jackson2/1.20.0/google-api-client-jackson2-1.20.0.jar:/Users/gbm/.m2/repository/com/google/http-client/google-http-client-jackson2/1.20.0/google-http-client-jackson2-1.20.0.jar:/Users/gbm/.m2/repository/com/google/oauth-client/google-oauth-client-jetty/1.22.0/google-oauth-client-jetty-1.22.0.jar:/Users/gbm/.m2/repository/com/google/oauth-client/google-oauth-client-java6/1.22.0/google-oauth-client-java6-1.22.0.jar:/Users/gbm/.m2/repository/org/mortbay/jetty/jetty/6.1.26/jetty-6.1.26.jar:/Users/gbm/.m2/repository/org/mortbay/jetty/jetty-util/6.1.26/jetty-util-6.1.26.jar:/Users/gbm/.m2/repository/org/mortbay/jetty/servlet-api/2.5-20081211/servlet-api-2.5-20081211.jar:/Users/gbm/.m2/repository/com/google/apis/google-api-services-storage/v1-rev20240706-2.0.0/google-api-services-storage-v1-rev20240706-2.0.0.jar:/Users/gbm/.m2/repository/com/google/apis/google-api-services-oauth2/v2-rev20200213-2.0.0/google-api-services-oauth2-v2-rev20200213-2.0.0.jar:/Users/gbm/.m2/repository/com/google/apis/google-api-services-gmail/v1-rev20240520-2.0.0/google-api-services-gmail-v1-rev20240520-2.0.0.jar:/Users/gbm/.m2/repository/com/google/cloud/google-cloud-vision/1.99.3/google-cloud-vision-1.99.3.jar:/Users/gbm/.m2/repository/io/grpc/grpc-api/1.28.1/grpc-api-1.28.1.jar:/Users/gbm/.m2/repository/io/grpc/grpc-stub/1.28.1/grpc-stub-1.28.1.jar:/Users/gbm/.m2/repository/io/grpc/grpc-protobuf/1.28.1/grpc-protobuf-1.28.1.jar:/Users/gbm/.m2/repository/io/grpc/grpc-protobuf-lite/1.28.1/grpc-protobuf-lite-1.28.1.jar:/Users/gbm/.m2/repository/com/google/api/api-common/1.9.0/api-common-1.9.0.jar:/Users/gbm/.m2/repository/com/google/protobuf/protobuf-java/3.11.4/protobuf-java-3.11.4.jar:/Users/gbm/.m2/repository/com/google/api/grpc/proto-google-common-protos/1.17.0/proto-google-common-protos-1.17.0.jar:/Users/gbm/.m2/repository/com/google/api/grpc/proto-google-cloud-vision-v1p4beta1/0.82.3/proto-google-cloud-vision-v1p4beta1-0.82.3.jar:/Users/gbm/.m2/repository/com/google/api/grpc/proto-google-cloud-vision-v1/1.81.3/proto-google-cloud-vision-v1-1.81.3.jar:/Users/gbm/.m2/repository/com/google/api/grpc/proto-google-cloud-vision-v1p1beta1/0.82.3/proto-google-cloud-vision-v1p1beta1-0.82.3.jar:/Users/gbm/.m2/repository/com/google/api/grpc/proto-google-cloud-vision-v1p3beta1/0.82.3/proto-google-cloud-vision-v1p3beta1-0.82.3.jar:/Users/gbm/.m2/repository/com/google/api/grpc/proto-google-cloud-vision-v1p2beta1/1.81.3/proto-google-cloud-vision-v1p2beta1-1.81.3.jar:/Users/gbm/.m2/repository/com/google/api/gax/1.56.0/gax-1.56.0.jar:/Users/gbm/.m2/repository/com/google/api/gax-grpc/1.56.0/gax-grpc-1.56.0.jar:/Users/gbm/.m2/repository/io/grpc/grpc-auth/1.28.1/grpc-auth-1.28.1.jar:/Users/gbm/.m2/repository/io/grpc/grpc-netty-shaded/1.28.1/grpc-netty-shaded-1.28.1.jar:/Users/gbm/.m2/repository/io/grpc/grpc-core/1.28.1/grpc-core-1.28.1.jar:/Users/gbm/.m2/repository/com/google/android/annotations/4.1.1.4/annotations-4.1.1.4.jar:/Users/gbm/.m2/repository/io/perfmark/perfmark-api/0.19.0/perfmark-api-0.19.0.jar:/Users/gbm/.m2/repository/io/grpc/grpc-alts/1.28.1/grpc-alts-1.28.1.jar:/Users/gbm/.m2/repository/io/grpc/grpc-grpclb/1.28.1/grpc-grpclb-1.28.1.jar:/Users/gbm/.m2/repository/com/google/protobuf/protobuf-java-util/3.11.0/protobuf-java-util-3.11.0.jar:/Users/gbm/.m2/repository/org/conscrypt/conscrypt-openjdk-uber/2.2.1/conscrypt-openjdk-uber-2.2.1.jar:/Users/gbm/.m2/repository/org/threeten/threetenbp/1.4.3/threetenbp-1.4.3.jar:/Users/gbm/.m2/repository/javax/annotation/javax.annotation-api/1.3.2/javax.annotation-api-1.3.2.jar:/Users/gbm/.m2/repository/org/springframework/boot/spring-boot-starter-web/2.6.2/spring-boot-starter-web-2.6.2.jar:/Users/gbm/.m2/repository/org/springframework/boot/spring-boot-starter/2.6.2/spring-boot-starter-2.6.2.jar:/Users/gbm/.m2/repository/org/springframework/boot/spring-boot/2.6.2/spring-boot-2.6.2.jar:/Users/gbm/.m2/repository/org/springframework/boot/spring-boot-autoconfigure/2.6.2/spring-boot-autoconfigure-2.6.2.jar:/Users/gbm/.m2/repository/org/springframework/boot/spring-boot-starter-logging/2.6.2/spring-boot-starter-logging-2.6.2.jar:/Users/gbm/.m2/repository/ch/qos/logback/logback-classic/1.2.9/logback-classic-1.2.9.jar:/Users/gbm/.m2/repository/ch/qos/logback/logback-core/1.2.9/logback-core-1.2.9.jar:/Users/gbm/.m2/repository/org/apache/logging/log4j/log4j-to-slf4j/2.17.0/log4j-to-slf4j-2.17.0.jar:/Users/gbm/.m2/repository/org/slf4j/jul-to-slf4j/1.7.32/jul-to-slf4j-1.7.32.jar:/Users/gbm/.m2/repository/jakarta/annotation/jakarta.annotation-api/1.3.5/jakarta.annotation-api-1.3.5.jar:/Users/gbm/.m2/repository/org/yaml/snakeyaml/1.29/snakeyaml-1.29.jar:/Users/gbm/.m2/repository/org/springframework/boot/spring-boot-starter-json/2.6.2/spring-boot-starter-json-2.6.2.jar:/Users/gbm/.m2/repository/com/fasterxml/jackson/datatype/jackson-datatype-jdk8/2.13.1/jackson-datatype-jdk8-2.13.1.jar:/Users/gbm/.m2/repository/com/fasterxml/jackson/datatype/jackson-datatype-jsr310/2.13.1/jackson-datatype-jsr310-2.13.1.jar:/Users/gbm/.m2/repository/com/fasterxml/jackson/module/jackson-module-parameter-names/2.13.1/jackson-module-parameter-names-2.13.1.jar:/Users/gbm/.m2/repository/org/springframework/boot/spring-boot-starter-tomcat/2.6.2/spring-boot-starter-tomcat-2.6.2.jar:/Users/gbm/.m2/repository/org/apache/tomcat/embed/tomcat-embed-core/9.0.56/tomcat-embed-core-9.0.56.jar:/Users/gbm/.m2/repository/org/apache/tomcat/embed/tomcat-embed-el/9.0.56/tomcat-embed-el-9.0.56.jar:/Users/gbm/.m2/repository/org/apache/tomcat/embed/tomcat-embed-websocket/9.0.56/tomcat-embed-websocket-9.0.56.jar:/Users/gbm/.m2/repository/org/springframework/spring-web/5.3.14/spring-web-5.3.14.jar:/Users/gbm/.m2/repository/org/springframework/spring-webmvc/5.3.14/spring-webmvc-5.3.14.jar:/Users/gbm/.m2/repository/org/springframework/boot/spring-boot-starter-test/2.6.2/spring-boot-starter-test-2.6.2.jar:/Users/gbm/.m2/repository/org/springframework/boot/spring-boot-test/2.6.2/spring-boot-test-2.6.2.jar:/Users/gbm/.m2/repository/org/springframework/boot/spring-boot-test-autoconfigure/2.6.2/spring-boot-test-autoconfigure-2.6.2.jar:/Users/gbm/.m2/repository/jakarta/xml/bind/jakarta.xml.bind-api/2.3.3/jakarta.xml.bind-api-2.3.3.jar:/Users/gbm/.m2/repository/jakarta/activation/jakarta.activation-api/1.2.2/jakarta.activation-api-1.2.2.jar:/Users/gbm/.m2/repository/org/assertj/assertj-core/3.21.0/assertj-core-3.21.0.jar:/Users/gbm/.m2/repository/org/hamcrest/hamcrest/2.2/hamcrest-2.2.jar:/Users/gbm/.m2/repository/org/junit/jupiter/junit-jupiter/5.8.2/junit-jupiter-5.8.2.jar:/Users/gbm/.m2/repository/org/junit/jupiter/junit-jupiter-api/5.8.2/junit-jupiter-api-5.8.2.jar:/Users/gbm/.m2/repository/org/opentest4j/opentest4j/1.2.0/opentest4j-1.2.0.jar:/Users/gbm/.m2/repository/org/junit/platform/junit-platform-commons/1.8.2/junit-platform-commons-1.8.2.jar:/Users/gbm/.m2/repository/org/junit/jupiter/junit-jupiter-params/5.8.2/junit-jupiter-params-5.8.2.jar:/Users/gbm/.m2/repository/org/junit/jupiter/junit-jupiter-engine/5.8.2/junit-jupiter-engine-5.8.2.jar:/Users/gbm/.m2/repository/org/junit/platform/junit-platform-engine/1.8.2/junit-platform-engine-1.8.2.jar:/Users/gbm/.m2/repository/org/mockito/mockito-core/4.0.0/mockito-core-4.0.0.jar:/Users/gbm/.m2/repository/net/bytebuddy/byte-buddy-agent/1.11.19/byte-buddy-agent-1.11.19.jar:/Users/gbm/.m2/repository/org/objenesis/objenesis/3.2/objenesis-3.2.jar:/Users/gbm/.m2/repository/org/mockito/mockito-junit-jupiter/4.0.0/mockito-junit-jupiter-4.0.0.jar:/Users/gbm/.m2/repository/org/skyscreamer/jsonassert/1.5.0/jsonassert-1.5.0.jar:/Users/gbm/.m2/repository/com/vaadin/external/google/android-json/0.0.20131108.vaadin1/android-json-0.0.20131108.vaadin1.jar:/Users/gbm/.m2/repository/org/springframework/spring-core/5.3.14/spring-core-5.3.14.jar:/Users/gbm/.m2/repository/org/springframework/spring-jcl/5.3.14/spring-jcl-5.3.14.jar:/Users/gbm/.m2/repository/org/springframework/spring-test/5.3.14/spring-test-5.3.14.jar:/Users/gbm/.m2/repository/org/xmlunit/xmlunit-core/2.8.4/xmlunit-core-2.8.4.jar:/Users/gbm/.m2/repository/net/portswigger/burp/extender/burp-extender-api/2.3/burp-extender-api-2.3.jar:/Users/gbm/.m2/repository/com/fasterxml/jackson/core/jackson-databind/2.13.0/jackson-databind-2.13.0.jar:/Users/gbm/.m2/repository/org/apache/httpcomponents/httpmime/4.5.13/httpmime-4.5.13.jar:/Users/gbm/.m2/repository/org/zaproxy/zap-clientapi/1.10.0/zap-clientapi-1.10.0.jar:/Users/gbm/.m2/repository/org/jdom/jdom/1.1.3/jdom-1.1.3.jar:/Users/gbm/.m2/repository/org/knowm/xchart/xchart/3.8.5/xchart-3.8.5.jar:/Users/gbm/.m2/repository/de/erichseifert/vectorgraphics2d/VectorGraphics2D/0.13/VectorGraphics2D-0.13.jar:/Users/gbm/.m2/repository/de/rototor/pdfbox/graphics2d/0.43/graphics2d-0.43.jar:/Users/gbm/.m2/repository/org/apache/pdfbox/pdfbox/2.0.28/pdfbox-2.0.28.jar:/Users/gbm/.m2/repository/org/apache/pdfbox/fontbox/2.0.28/fontbox-2.0.28.jar:/Users/gbm/.m2/repository/com/madgag/animated-gif-lib/1.4/animated-gif-lib-1.4.jar:/Users/gbm/.m2/repository/org/apache/poi/poi/5.2.3/poi-5.2.3.jar:/Users/gbm/.m2/repository/org/apache/commons/commons-collections4/4.4/commons-collections4-4.4.jar:/Users/gbm/.m2/repository/org/apache/commons/commons-math3/3.6.1/commons-math3-3.6.1.jar:/Users/gbm/.m2/repository/com/zaxxer/SparseBitSet/1.2/SparseBitSet-1.2.jar:/Users/gbm/.m2/repository/org/apache/logging/log4j/log4j-api/2.18.0/log4j-api-2.18.0.jar:/Users/gbm/.m2/repository/org/apache/poi/poi-ooxml/5.2.3/poi-ooxml-5.2.3.jar:/Users/gbm/.m2/repository/org/apache/poi/poi-ooxml-lite/5.2.3/poi-ooxml-lite-5.2.3.jar:/Users/gbm/.m2/repository/org/apache/xmlbeans/xmlbeans/5.1.1/xmlbeans-5.1.1.jar:/Users/gbm/.m2/repository/org/apache/commons/commons-compress/1.21/commons-compress-1.21.jar:/Users/gbm/.m2/repository/com/github/virtuald/curvesapi/1.07/curvesapi-1.07.jar:/Users/gbm/.m2/repository/com/splunk/splunk/1.6.5.0/splunk-1.6.5.0.jar:"/>
    <property name="java.vm.vendor" value="BellSoft"/>
    <property name="sun.arch.data.model" value="64"/>
    <property name="java.vendor.url" value="https://bell-sw.com/"/>
    <property name="user.timezone" value=""/>
    <property name="CLOUD_NAME" value="servicenow"/>
    <property name="java.vm.specification.version" value="11"/>
    <property name="os.name" value="Mac OS X"/>
    <property name="sun.java.launcher" value="SUN_STANDARD"/>
    <property name="user.country" value="GB"/>
    <property name="sun.boot.library.path" value="/Users/gbm/Library/Java/JavaVirtualMachines/liberica-11.0.14/lib"/>
    <property name="sun.java.command" value="/Users/gbm/Downloads/eclipse-workspace1/PeformanceInteractiveDashboard/target/surefire/surefirebooter7307074473258673988.jar /Users/gbm/Downloads/eclipse-workspace1/PeformanceInteractiveDashboard/target/surefire 2024-07-15T11-58-55_230-jvmRun1 surefire1114430369333009364tmp surefire_014351634636261292537tmp"/>
    <property name="jdk.debug" value="release"/>
    <property name="surefire.test.class.path" value="/Users/gbm/Downloads/eclipse-workspace1/PeformanceInteractiveDashboard/target/test-classes:/Users/gbm/Downloads/eclipse-workspace1/PeformanceInteractiveDashboard/target/classes:/Users/gbm/.m2/repository/net/sourceforge/lept4j/lept4j/1.6.0/lept4j-1.6.0.jar:/Users/gbm/.m2/repository/net/java/dev/jna/jna/4.1.0/jna-4.1.0.jar:/Users/gbm/.m2/repository/com/github/jai-imageio/jai-imageio-core/1.3.1/jai-imageio-core-1.3.1.jar:/Users/gbm/.m2/repository/org/testng/testng/6.14.2/testng-6.14.2.jar:/Users/gbm/.m2/repository/com/beust/jcommander/1.72/jcommander-1.72.jar:/Users/gbm/.m2/repository/org/apache-extras/beanshell/bsh/2.0b6/bsh-2.0b6.jar:/Users/gbm/.m2/repository/com/assertthat/selenium-shutterbug/1.5/selenium-shutterbug-1.5.jar:/Users/gbm/.m2/repository/org/projectlombok/lombok/1.18.8/lombok-1.18.8.jar:/Users/gbm/.m2/repository/com/github/zafarkhaja/java-semver/0.9.0/java-semver-0.9.0.jar:/Users/gbm/.m2/repository/io/github/bonigarcia/webdrivermanager/4.0.0/webdrivermanager-4.0.0.jar:/Users/gbm/.m2/repository/org/apache/httpcomponents/client5/httpclient5/5.0/httpclient5-5.0.jar:/Users/gbm/.m2/repository/org/apache/httpcomponents/core5/httpcore5/5.0/httpcore5-5.0.jar:/Users/gbm/.m2/repository/org/apache/httpcomponents/core5/httpcore5-h2/5.0/httpcore5-h2-5.0.jar:/Users/gbm/.m2/repository/org/rauschig/jarchivelib/1.0.0/jarchivelib-1.0.0.jar:/Users/gbm/.m2/repository/org/jsoup/jsoup/1.13.1/jsoup-1.13.1.jar:/Users/gbm/.m2/repository/com/perfecto/reporting-sdk/reportium-java/2.3.3/reportium-java-2.3.3.jar:/Users/gbm/.m2/repository/org/apache/httpcomponents/httpclient/4.5.8/httpclient-4.5.8.jar:/Users/gbm/.m2/repository/commons-logging/commons-logging/1.2/commons-logging-1.2.jar:/Users/gbm/.m2/repository/com/perfecto/reporting-sdk/reportium-import-java/2.2.16/reportium-import-java-2.2.16.jar:/Users/gbm/.m2/repository/com/perfectomobile/pm-webdriver/18.6.0.0/pm-webdriver-18.6.0.0.jar:/Users/gbm/.m2/repository/com/perfectomobile/http-client/18.6.0.0/http-client-18.6.0.0.jar:/Users/gbm/.m2/repository/io/cucumber/cucumber-java/5.7.0/cucumber-java-5.7.0.jar:/Users/gbm/.m2/repository/io/cucumber/cucumber-core/5.7.0/cucumber-core-5.7.0.jar:/Users/gbm/.m2/repository/io/cucumber/cucumber-gherkin/5.7.0/cucumber-gherkin-5.7.0.jar:/Users/gbm/.m2/repository/io/cucumber/cucumber-gherkin-vintage/5.7.0/cucumber-gherkin-vintage-5.7.0.jar:/Users/gbm/.m2/repository/io/cucumber/tag-expressions/2.0.4/tag-expressions-2.0.4.jar:/Users/gbm/.m2/repository/io/cucumber/cucumber-expressions/8.3.1/cucumber-expressions-8.3.1.jar:/Users/gbm/.m2/repository/io/cucumber/datatable/3.3.1/datatable-3.3.1.jar:/Users/gbm/.m2/repository/io/cucumber/cucumber-plugin/5.7.0/cucumber-plugin-5.7.0.jar:/Users/gbm/.m2/repository/io/cucumber/docstring/5.7.0/docstring-5.7.0.jar:/Users/gbm/.m2/repository/org/apiguardian/apiguardian-api/1.1.0/apiguardian-api-1.1.0.jar:/Users/gbm/.m2/repository/com/github/opendevl/json2flat/1.0/json2flat-1.0.jar:/Users/gbm/.m2/repository/com/jayway/jsonpath/json-path/2.4.0/json-path-2.4.0.jar:/Users/gbm/.m2/repository/net/minidev/json-smart/2.3/json-smart-2.3.jar:/Users/gbm/.m2/repository/net/minidev/accessors-smart/1.2/accessors-smart-1.2.jar:/Users/gbm/.m2/repository/org/slf4j/slf4j-api/1.7.25/slf4j-api-1.7.25.jar:/Users/gbm/.m2/repository/org/json/json/20160810/json-20160810.jar:/Users/gbm/.m2/repository/dom4j/dom4j/1.6.1/dom4j-1.6.1.jar:/Users/gbm/.m2/repository/xml-apis/xml-apis/1.0.b2/xml-apis-1.0.b2.jar:/Users/gbm/.m2/repository/jaxen/jaxen/1.1.6/jaxen-1.1.6.jar:/Users/gbm/.m2/repository/org/apache/commons/commons-lang3/3.4/commons-lang3-3.4.jar:/Users/gbm/.m2/repository/commons-io/commons-io/2.4/commons-io-2.4.jar:/Users/gbm/.m2/repository/io/appium/java-client/7.3.0/java-client-7.3.0.jar:/Users/gbm/.m2/repository/cglib/cglib/3.2.12/cglib-3.2.12.jar:/Users/gbm/.m2/repository/org/ow2/asm/asm/7.1/asm-7.1.jar:/Users/gbm/.m2/repository/commons-validator/commons-validator/1.6/commons-validator-1.6.jar:/Users/gbm/.m2/repository/commons-beanutils/commons-beanutils/1.9.2/commons-beanutils-1.9.2.jar:/Users/gbm/.m2/repository/commons-digester/commons-digester/1.8.1/commons-digester-1.8.1.jar:/Users/gbm/.m2/repository/commons-collections/commons-collections/3.2.2/commons-collections-3.2.2.jar:/Users/gbm/.m2/repository/org/springframework/spring-context/5.1.8.RELEASE/spring-context-5.1.8.RELEASE.jar:/Users/gbm/.m2/repository/org/springframework/spring-aop/5.1.8.RELEASE/spring-aop-5.1.8.RELEASE.jar:/Users/gbm/.m2/repository/org/springframework/spring-beans/5.1.8.RELEASE/spring-beans-5.1.8.RELEASE.jar:/Users/gbm/.m2/repository/org/springframework/spring-expression/5.1.8.RELEASE/spring-expression-5.1.8.RELEASE.jar:/Users/gbm/.m2/repository/org/aspectj/aspectjweaver/1.9.4/aspectjweaver-1.9.4.jar:/Users/gbm/.m2/repository/com/fasterxml/jackson/core/jackson-core/2.13.1/jackson-core-2.13.1.jar:/Users/gbm/.m2/repository/com/fasterxml/jackson/module/jackson-module-scala_3/2.13.1/jackson-module-scala_3-2.13.1.jar:/Users/gbm/.m2/repository/org/scala-lang/scala3-library_3/3.0.2/scala3-library_3-3.0.2.jar:/Users/gbm/.m2/repository/org/scala-lang/scala-library/2.13.6/scala-library-2.13.6.jar:/Users/gbm/.m2/repository/com/thoughtworks/paranamer/paranamer/2.8/paranamer-2.8.jar:/Users/gbm/.m2/repository/com/fasterxml/jackson/core/jackson-annotations/2.13.1/jackson-annotations-2.13.1.jar:/Users/gbm/.m2/repository/com/google/guava/guava/24.1-jre/guava-24.1-jre.jar:/Users/gbm/.m2/repository/com/google/code/findbugs/jsr305/1.3.9/jsr305-1.3.9.jar:/Users/gbm/.m2/repository/org/checkerframework/checker-compat-qual/2.0.0/checker-compat-qual-2.0.0.jar:/Users/gbm/.m2/repository/com/google/errorprone/error_prone_annotations/2.1.3/error_prone_annotations-2.1.3.jar:/Users/gbm/.m2/repository/com/google/j2objc/j2objc-annotations/1.1/j2objc-annotations-1.1.jar:/Users/gbm/.m2/repository/org/codehaus/mojo/animal-sniffer-annotations/1.14/animal-sniffer-annotations-1.14.jar:/Users/gbm/.m2/repository/org/seleniumhq/selenium/selenium-java/3.141.59/selenium-java-3.141.59.jar:/Users/gbm/.m2/repository/org/seleniumhq/selenium/selenium-chrome-driver/3.141.59/selenium-chrome-driver-3.141.59.jar:/Users/gbm/.m2/repository/org/seleniumhq/selenium/selenium-edge-driver/3.141.59/selenium-edge-driver-3.141.59.jar:/Users/gbm/.m2/repository/org/seleniumhq/selenium/selenium-firefox-driver/3.141.59/selenium-firefox-driver-3.141.59.jar:/Users/gbm/.m2/repository/org/seleniumhq/selenium/selenium-ie-driver/3.141.59/selenium-ie-driver-3.141.59.jar:/Users/gbm/.m2/repository/org/seleniumhq/selenium/selenium-opera-driver/3.141.59/selenium-opera-driver-3.141.59.jar:/Users/gbm/.m2/repository/org/seleniumhq/selenium/selenium-remote-driver/3.141.59/selenium-remote-driver-3.141.59.jar:/Users/gbm/.m2/repository/org/seleniumhq/selenium/selenium-safari-driver/3.141.59/selenium-safari-driver-3.141.59.jar:/Users/gbm/.m2/repository/net/bytebuddy/byte-buddy/1.8.15/byte-buddy-1.8.15.jar:/Users/gbm/.m2/repository/org/apache/commons/commons-exec/1.3/commons-exec-1.3.jar:/Users/gbm/.m2/repository/com/squareup/okhttp3/okhttp/3.11.0/okhttp-3.11.0.jar:/Users/gbm/.m2/repository/com/squareup/okio/okio/1.14.0/okio-1.14.0.jar:/Users/gbm/.m2/repository/org/seleniumhq/selenium/selenium-api/3.141.59/selenium-api-3.141.59.jar:/Users/gbm/.m2/repository/org/seleniumhq/selenium/selenium-support/3.141.59/selenium-support-3.141.59.jar:/Users/gbm/.m2/repository/com/googlecode/json-simple/json-simple/1.1.1/json-simple-1.1.1.jar:/Users/gbm/.m2/repository/junit/junit/4.10/junit-4.10.jar:/Users/gbm/.m2/repository/commons-lang/commons-lang/2.6/commons-lang-2.6.jar:/Users/gbm/.m2/repository/com/google/code/gson/gson/2.8.6/gson-2.8.6.jar:/Users/gbm/.m2/repository/org/hamcrest/hamcrest-core/1.3/hamcrest-core-1.3.jar:/Users/gbm/.m2/repository/com/google/api-client/google-api-client/2.6.0/google-api-client-2.6.0.jar:/Users/gbm/.m2/repository/commons-codec/commons-codec/1.17.0/commons-codec-1.17.0.jar:/Users/gbm/.m2/repository/com/google/auth/google-auth-library-credentials/1.23.0/google-auth-library-credentials-1.23.0.jar:/Users/gbm/.m2/repository/com/google/auth/google-auth-library-oauth2-http/1.23.0/google-auth-library-oauth2-http-1.23.0.jar:/Users/gbm/.m2/repository/com/google/auto/value/auto-value-annotations/1.10.4/auto-value-annotations-1.10.4.jar:/Users/gbm/.m2/repository/com/google/http-client/google-http-client-gson/1.44.2/google-http-client-gson-1.44.2.jar:/Users/gbm/.m2/repository/com/google/http-client/google-http-client-apache-v2/1.44.2/google-http-client-apache-v2-1.44.2.jar:/Users/gbm/.m2/repository/org/apache/httpcomponents/httpcore/4.4.16/httpcore-4.4.16.jar:/Users/gbm/.m2/repository/com/google/http-client/google-http-client/1.44.2/google-http-client-1.44.2.jar:/Users/gbm/.m2/repository/io/grpc/grpc-context/1.60.1/grpc-context-1.60.1.jar:/Users/gbm/.m2/repository/io/opencensus/opencensus-api/0.31.1/opencensus-api-0.31.1.jar:/Users/gbm/.m2/repository/io/opencensus/opencensus-contrib-http-util/0.31.1/opencensus-contrib-http-util-0.31.1.jar:/Users/gbm/.m2/repository/com/google/oauth-client/google-oauth-client/1.36.0/google-oauth-client-1.36.0.jar:/Users/gbm/.m2/repository/com/google/api-client/google-api-client-jackson2/1.20.0/google-api-client-jackson2-1.20.0.jar:/Users/gbm/.m2/repository/com/google/http-client/google-http-client-jackson2/1.20.0/google-http-client-jackson2-1.20.0.jar:/Users/gbm/.m2/repository/com/google/oauth-client/google-oauth-client-jetty/1.22.0/google-oauth-client-jetty-1.22.0.jar:/Users/gbm/.m2/repository/com/google/oauth-client/google-oauth-client-java6/1.22.0/google-oauth-client-java6-1.22.0.jar:/Users/gbm/.m2/repository/org/mortbay/jetty/jetty/6.1.26/jetty-6.1.26.jar:/Users/gbm/.m2/repository/org/mortbay/jetty/jetty-util/6.1.26/jetty-util-6.1.26.jar:/Users/gbm/.m2/repository/org/mortbay/jetty/servlet-api/2.5-20081211/servlet-api-2.5-20081211.jar:/Users/gbm/.m2/repository/com/google/apis/google-api-services-storage/v1-rev20240706-2.0.0/google-api-services-storage-v1-rev20240706-2.0.0.jar:/Users/gbm/.m2/repository/com/google/apis/google-api-services-oauth2/v2-rev20200213-2.0.0/google-api-services-oauth2-v2-rev20200213-2.0.0.jar:/Users/gbm/.m2/repository/com/google/apis/google-api-services-gmail/v1-rev20240520-2.0.0/google-api-services-gmail-v1-rev20240520-2.0.0.jar:/Users/gbm/.m2/repository/com/google/cloud/google-cloud-vision/1.99.3/google-cloud-vision-1.99.3.jar:/Users/gbm/.m2/repository/io/grpc/grpc-api/1.28.1/grpc-api-1.28.1.jar:/Users/gbm/.m2/repository/io/grpc/grpc-stub/1.28.1/grpc-stub-1.28.1.jar:/Users/gbm/.m2/repository/io/grpc/grpc-protobuf/1.28.1/grpc-protobuf-1.28.1.jar:/Users/gbm/.m2/repository/io/grpc/grpc-protobuf-lite/1.28.1/grpc-protobuf-lite-1.28.1.jar:/Users/gbm/.m2/repository/com/google/api/api-common/1.9.0/api-common-1.9.0.jar:/Users/gbm/.m2/repository/com/google/protobuf/protobuf-java/3.11.4/protobuf-java-3.11.4.jar:/Users/gbm/.m2/repository/com/google/api/grpc/proto-google-common-protos/1.17.0/proto-google-common-protos-1.17.0.jar:/Users/gbm/.m2/repository/com/google/api/grpc/proto-google-cloud-vision-v1p4beta1/0.82.3/proto-google-cloud-vision-v1p4beta1-0.82.3.jar:/Users/gbm/.m2/repository/com/google/api/grpc/proto-google-cloud-vision-v1/1.81.3/proto-google-cloud-vision-v1-1.81.3.jar:/Users/gbm/.m2/repository/com/google/api/grpc/proto-google-cloud-vision-v1p1beta1/0.82.3/proto-google-cloud-vision-v1p1beta1-0.82.3.jar:/Users/gbm/.m2/repository/com/google/api/grpc/proto-google-cloud-vision-v1p3beta1/0.82.3/proto-google-cloud-vision-v1p3beta1-0.82.3.jar:/Users/gbm/.m2/repository/com/google/api/grpc/proto-google-cloud-vision-v1p2beta1/1.81.3/proto-google-cloud-vision-v1p2beta1-1.81.3.jar:/Users/gbm/.m2/repository/com/google/api/gax/1.56.0/gax-1.56.0.jar:/Users/gbm/.m2/repository/com/google/api/gax-grpc/1.56.0/gax-grpc-1.56.0.jar:/Users/gbm/.m2/repository/io/grpc/grpc-auth/1.28.1/grpc-auth-1.28.1.jar:/Users/gbm/.m2/repository/io/grpc/grpc-netty-shaded/1.28.1/grpc-netty-shaded-1.28.1.jar:/Users/gbm/.m2/repository/io/grpc/grpc-core/1.28.1/grpc-core-1.28.1.jar:/Users/gbm/.m2/repository/com/google/android/annotations/4.1.1.4/annotations-4.1.1.4.jar:/Users/gbm/.m2/repository/io/perfmark/perfmark-api/0.19.0/perfmark-api-0.19.0.jar:/Users/gbm/.m2/repository/io/grpc/grpc-alts/1.28.1/grpc-alts-1.28.1.jar:/Users/gbm/.m2/repository/io/grpc/grpc-grpclb/1.28.1/grpc-grpclb-1.28.1.jar:/Users/gbm/.m2/repository/com/google/protobuf/protobuf-java-util/3.11.0/protobuf-java-util-3.11.0.jar:/Users/gbm/.m2/repository/org/conscrypt/conscrypt-openjdk-uber/2.2.1/conscrypt-openjdk-uber-2.2.1.jar:/Users/gbm/.m2/repository/org/threeten/threetenbp/1.4.3/threetenbp-1.4.3.jar:/Users/gbm/.m2/repository/javax/annotation/javax.annotation-api/1.3.2/javax.annotation-api-1.3.2.jar:/Users/gbm/.m2/repository/org/springframework/boot/spring-boot-starter-web/2.6.2/spring-boot-starter-web-2.6.2.jar:/Users/gbm/.m2/repository/org/springframework/boot/spring-boot-starter/2.6.2/spring-boot-starter-2.6.2.jar:/Users/gbm/.m2/repository/org/springframework/boot/spring-boot/2.6.2/spring-boot-2.6.2.jar:/Users/gbm/.m2/repository/org/springframework/boot/spring-boot-autoconfigure/2.6.2/spring-boot-autoconfigure-2.6.2.jar:/Users/gbm/.m2/repository/org/springframework/boot/spring-boot-starter-logging/2.6.2/spring-boot-starter-logging-2.6.2.jar:/Users/gbm/.m2/repository/ch/qos/logback/logback-classic/1.2.9/logback-classic-1.2.9.jar:/Users/gbm/.m2/repository/ch/qos/logback/logback-core/1.2.9/logback-core-1.2.9.jar:/Users/gbm/.m2/repository/org/apache/logging/log4j/log4j-to-slf4j/2.17.0/log4j-to-slf4j-2.17.0.jar:/Users/gbm/.m2/repository/org/slf4j/jul-to-slf4j/1.7.32/jul-to-slf4j-1.7.32.jar:/Users/gbm/.m2/repository/jakarta/annotation/jakarta.annotation-api/1.3.5/jakarta.annotation-api-1.3.5.jar:/Users/gbm/.m2/repository/org/yaml/snakeyaml/1.29/snakeyaml-1.29.jar:/Users/gbm/.m2/repository/org/springframework/boot/spring-boot-starter-json/2.6.2/spring-boot-starter-json-2.6.2.jar:/Users/gbm/.m2/repository/com/fasterxml/jackson/datatype/jackson-datatype-jdk8/2.13.1/jackson-datatype-jdk8-2.13.1.jar:/Users/gbm/.m2/repository/com/fasterxml/jackson/datatype/jackson-datatype-jsr310/2.13.1/jackson-datatype-jsr310-2.13.1.jar:/Users/gbm/.m2/repository/com/fasterxml/jackson/module/jackson-module-parameter-names/2.13.1/jackson-module-parameter-names-2.13.1.jar:/Users/gbm/.m2/repository/org/springframework/boot/spring-boot-starter-tomcat/2.6.2/spring-boot-starter-tomcat-2.6.2.jar:/Users/gbm/.m2/repository/org/apache/tomcat/embed/tomcat-embed-core/9.0.56/tomcat-embed-core-9.0.56.jar:/Users/gbm/.m2/repository/org/apache/tomcat/embed/tomcat-embed-el/9.0.56/tomcat-embed-el-9.0.56.jar:/Users/gbm/.m2/repository/org/apache/tomcat/embed/tomcat-embed-websocket/9.0.56/tomcat-embed-websocket-9.0.56.jar:/Users/gbm/.m2/repository/org/springframework/spring-web/5.3.14/spring-web-5.3.14.jar:/Users/gbm/.m2/repository/org/springframework/spring-webmvc/5.3.14/spring-webmvc-5.3.14.jar:/Users/gbm/.m2/repository/org/springframework/boot/spring-boot-starter-test/2.6.2/spring-boot-starter-test-2.6.2.jar:/Users/gbm/.m2/repository/org/springframework/boot/spring-boot-test/2.6.2/spring-boot-test-2.6.2.jar:/Users/gbm/.m2/repository/org/springframework/boot/spring-boot-test-autoconfigure/2.6.2/spring-boot-test-autoconfigure-2.6.2.jar:/Users/gbm/.m2/repository/jakarta/xml/bind/jakarta.xml.bind-api/2.3.3/jakarta.xml.bind-api-2.3.3.jar:/Users/gbm/.m2/repository/jakarta/activation/jakarta.activation-api/1.2.2/jakarta.activation-api-1.2.2.jar:/Users/gbm/.m2/repository/org/assertj/assertj-core/3.21.0/assertj-core-3.21.0.jar:/Users/gbm/.m2/repository/org/hamcrest/hamcrest/2.2/hamcrest-2.2.jar:/Users/gbm/.m2/repository/org/junit/jupiter/junit-jupiter/5.8.2/junit-jupiter-5.8.2.jar:/Users/gbm/.m2/repository/org/junit/jupiter/junit-jupiter-api/5.8.2/junit-jupiter-api-5.8.2.jar:/Users/gbm/.m2/repository/org/opentest4j/opentest4j/1.2.0/opentest4j-1.2.0.jar:/Users/gbm/.m2/repository/org/junit/platform/junit-platform-commons/1.8.2/junit-platform-commons-1.8.2.jar:/Users/gbm/.m2/repository/org/junit/jupiter/junit-jupiter-params/5.8.2/junit-jupiter-params-5.8.2.jar:/Users/gbm/.m2/repository/org/junit/jupiter/junit-jupiter-engine/5.8.2/junit-jupiter-engine-5.8.2.jar:/Users/gbm/.m2/repository/org/junit/platform/junit-platform-engine/1.8.2/junit-platform-engine-1.8.2.jar:/Users/gbm/.m2/repository/org/mockito/mockito-core/4.0.0/mockito-core-4.0.0.jar:/Users/gbm/.m2/repository/net/bytebuddy/byte-buddy-agent/1.11.19/byte-buddy-agent-1.11.19.jar:/Users/gbm/.m2/repository/org/objenesis/objenesis/3.2/objenesis-3.2.jar:/Users/gbm/.m2/repository/org/mockito/mockito-junit-jupiter/4.0.0/mockito-junit-jupiter-4.0.0.jar:/Users/gbm/.m2/repository/org/skyscreamer/jsonassert/1.5.0/jsonassert-1.5.0.jar:/Users/gbm/.m2/repository/com/vaadin/external/google/android-json/0.0.20131108.vaadin1/android-json-0.0.20131108.vaadin1.jar:/Users/gbm/.m2/repository/org/springframework/spring-core/5.3.14/spring-core-5.3.14.jar:/Users/gbm/.m2/repository/org/springframework/spring-jcl/5.3.14/spring-jcl-5.3.14.jar:/Users/gbm/.m2/repository/org/springframework/spring-test/5.3.14/spring-test-5.3.14.jar:/Users/gbm/.m2/repository/org/xmlunit/xmlunit-core/2.8.4/xmlunit-core-2.8.4.jar:/Users/gbm/.m2/repository/net/portswigger/burp/extender/burp-extender-api/2.3/burp-extender-api-2.3.jar:/Users/gbm/.m2/repository/com/fasterxml/jackson/core/jackson-databind/2.13.0/jackson-databind-2.13.0.jar:/Users/gbm/.m2/repository/org/apache/httpcomponents/httpmime/4.5.13/httpmime-4.5.13.jar:/Users/gbm/.m2/repository/org/zaproxy/zap-clientapi/1.10.0/zap-clientapi-1.10.0.jar:/Users/gbm/.m2/repository/org/jdom/jdom/1.1.3/jdom-1.1.3.jar:/Users/gbm/.m2/repository/org/knowm/xchart/xchart/3.8.5/xchart-3.8.5.jar:/Users/gbm/.m2/repository/de/erichseifert/vectorgraphics2d/VectorGraphics2D/0.13/VectorGraphics2D-0.13.jar:/Users/gbm/.m2/repository/de/rototor/pdfbox/graphics2d/0.43/graphics2d-0.43.jar:/Users/gbm/.m2/repository/org/apache/pdfbox/pdfbox/2.0.28/pdfbox-2.0.28.jar:/Users/gbm/.m2/repository/org/apache/pdfbox/fontbox/2.0.28/fontbox-2.0.28.jar:/Users/gbm/.m2/repository/com/madgag/animated-gif-lib/1.4/animated-gif-lib-1.4.jar:/Users/gbm/.m2/repository/org/apache/poi/poi/5.2.3/poi-5.2.3.jar:/Users/gbm/.m2/repository/org/apache/commons/commons-collections4/4.4/commons-collections4-4.4.jar:/Users/gbm/.m2/repository/org/apache/commons/commons-math3/3.6.1/commons-math3-3.6.1.jar:/Users/gbm/.m2/repository/com/zaxxer/SparseBitSet/1.2/SparseBitSet-1.2.jar:/Users/gbm/.m2/repository/org/apache/logging/log4j/log4j-api/2.18.0/log4j-api-2.18.0.jar:/Users/gbm/.m2/repository/org/apache/poi/poi-ooxml/5.2.3/poi-ooxml-5.2.3.jar:/Users/gbm/.m2/repository/org/apache/poi/poi-ooxml-lite/5.2.3/poi-ooxml-lite-5.2.3.jar:/Users/gbm/.m2/repository/org/apache/xmlbeans/xmlbeans/5.1.1/xmlbeans-5.1.1.jar:/Users/gbm/.m2/repository/org/apache/commons/commons-compress/1.21/commons-compress-1.21.jar:/Users/gbm/.m2/repository/com/github/virtuald/curvesapi/1.07/curvesapi-1.07.jar:/Users/gbm/.m2/repository/com/splunk/splunk/1.6.5.0/splunk-1.6.5.0.jar:"/>
    <property name="sun.cpu.endian" value="little"/>
    <property name="user.home" value="/Users/gbm"/>
    <property name="user.language" value="en"/>
    <property name="java.specification.vendor" value="Oracle Corporation"/>
    <property name="java.version.date" value="2022-01-18"/>
    <property name="java.home" value="/Users/gbm/Library/Java/JavaVirtualMachines/liberica-11.0.14"/>
    <property name="file.separator" value="/"/>
    <property name="basedir" value="/Users/gbm/Downloads/eclipse-workspace1/PeformanceInteractiveDashboard"/>
    <property name="java.vm.compressedOopsMode" value="Zero based"/>
    <property name="line.separator" value="&#10;"/>
    <property name="java.specification.name" value="Java Platform API Specification"/>
    <property name="java.vm.specification.vendor" value="Oracle Corporation"/>
    <property name="java.awt.graphicsenv" value="sun.awt.CGraphicsEnvironment"/>
    <property name="surefire.real.class.path" value="/Users/gbm/Downloads/eclipse-workspace1/PeformanceInteractiveDashboard/target/surefire/surefirebooter7307074473258673988.jar"/>
    <property name="sun.management.compiler" value="HotSpot 64-Bit Tiered Compilers"/>
    <property name="java.runtime.version" value="11.0.14+9-LTS"/>
    <property name="user.name" value="gbm"/>
    <property name="path.separator" value=":"/>
    <property name="os.version" value="14.4.1"/>
    <property name="java.runtime.name" value="OpenJDK Runtime Environment"/>
    <property name="file.encoding" value="UTF-8"/>
    <property name="java.vm.name" value="OpenJDK 64-Bit Server VM"/>
    <property name="localRepository" value="/Users/gbm/.m2/repository"/>
    <property name="java.vendor.url.bug" value="https://bell-sw.com/support"/>
    <property name="java.io.tmpdir" value="/var/folders/wv/c7tm0m8j7ng5k3x1q6jfcbkh0000gn/T/"/>
    <property name="java.version" value="11.0.14"/>
    <property name="user.dir" value="/Users/gbm/Downloads/eclipse-workspace1/PeformanceInteractiveDashboard"/>
    <property name="os.arch" value="aarch64"/>
    <property name="reportium_job_name" value="ServiceNowApp_PerfTest"/>
    <property name="PERFECTO_SECURITY_TOKEN" value="eyJhbGciOiJIUzI1NiIsInR5cCIgOiAiSldUIiwia2lkIiA6ICIxYmU1NzJlNy0zZGFiLTQyOTgtODAwMi1kNTcwNzhkYWQyMGMifQ.eyJpYXQiOjE3MTc3NTkyNjIsImp0aSI6ImFiNjhlMmVhLWRjOWQtNDAwYi1iODcwLWUzNzJkZDVhMzNhZSIsImlzcyI6Imh0dHBzOi8vYXV0aDkucGVyZmVjdG9tb2JpbGUuY29tL2F1dGgvcmVhbG1zL3NlcnZpY2Vub3ctcGVyZmVjdG9tb2JpbGUtY29tIiwiYXVkIjoiaHR0cHM6Ly9hdXRoOS5wZXJmZWN0b21vYmlsZS5jb20vYXV0aC9yZWFsbXMvc2VydmljZW5vdy1wZXJmZWN0b21vYmlsZS1jb20iLCJzdWIiOiIyMjI5ZDAwZC03ZTE2LTRmZTItOGE2Yy0xOGQ2NjllNWUxODQiLCJ0eXAiOiJPZmZsaW5lIiwiYXpwIjoib2ZmbGluZS10b2tlbi1nZW5lcmF0b3IiLCJub25jZSI6IjQwYTFjYTUxLTFkODQtNDcwNi04YTIyLWEwZGQ0NzBlZWUyYyIsInNlc3Npb25fc3RhdGUiOiJjMjZmYjM5Ni1kMGE4LTQ0MTctYjlhOS0wOTk0ZDE5NWI4ZDEiLCJzY29wZSI6Im9wZW5pZCBvZmZsaW5lX2FjY2VzcyBwcm9maWxlIGVtYWlsIn0.Vt7A7Oga1U_1yxe5zEyK9CV2XIIAi9IN3Uu3BRIlbOM"/>
    <property name="java.vm.specification.name" value="Java Virtual Machine Specification"/>
    <property name="java.awt.printerjob" value="sun.lwawt.macosx.CPrinterJob"/>
    <property name="reportium_job_number" value="8"/>
    <property name="sun.os.patch.level" value="unknown"/>
    <property name="environment" value="8"/>
    <property name="java.library.path" value="/Users/gbm/Library/Java/Extensions:/Library/Java/Extensions:/Network/Library/Java/Extensions:/System/Library/Java/Extensions:/usr/lib/java:."/>
    <property name="java.vm.info" value="mixed mode"/>
    <property name="java.vendor" value="BellSoft"/>
    <property name="java.vm.version" value="11.0.14+9-LTS"/>
    <property name="sun.io.unicode.encoding" value="UnicodeBig"/>
    <property name="java.class.version" value="55.0"/>
  </properties>
  <testcase name="updateSplunkDashboard" classname="SplunkIntegration.InteractiveSplunkDashboard" time="132.882">
    <failure type="java.lang.NullPointerException">java.lang.NullPointerException
	at SplunkIntegration.InteractiveSplunkDashboard.updateSplunkDashboard(InteractiveSplunkDashboard.java:30)
</failure>
    <system-out><![CDATA[[TestNGContentHandler] [WARN] It is strongly recommended to add "<!DOCTYPE suite SYSTEM "http://testng.org/testng-1.0.dtd" >" at the top of your file, otherwise TestNG may fail or not work as expected.
API Command = https://servicenow.perfectomobile.com/services/executions?operation=execute&scriptKey=PUBLIC:PerfTest_S01_NowMobileESC_UxAnalysis_12thJuly.xml&param.DUT=00008120-0006646E3AE0A01E&param.testName=ServiceNowApp_PerfTest&param.JobName=ServiceNowApp_PerfTest&param.JobNumber=8&securityToken=eyJhbGciOiJIUzI1NiIsInR5cCIgOiAiSldUIiwia2lkIiA6ICIxYmU1NzJlNy0zZGFiLTQyOTgtODAwMi1kNTcwNzhkYWQyMGMifQ.eyJpYXQiOjE3MTc3NTkyNjIsImp0aSI6ImFiNjhlMmVhLWRjOWQtNDAwYi1iODcwLWUzNzJkZDVhMzNhZSIsImlzcyI6Imh0dHBzOi8vYXV0aDkucGVyZmVjdG9tb2JpbGUuY29tL2F1dGgvcmVhbG1zL3NlcnZpY2Vub3ctcGVyZmVjdG9tb2JpbGUtY29tIiwiYXVkIjoiaHR0cHM6Ly9hdXRoOS5wZXJmZWN0b21vYmlsZS5jb20vYXV0aC9yZWFsbXMvc2VydmljZW5vdy1wZXJmZWN0b21vYmlsZS1jb20iLCJzdWIiOiIyMjI5ZDAwZC03ZTE2LTRmZTItOGE2Yy0xOGQ2NjllNWUxODQiLCJ0eXAiOiJPZmZsaW5lIiwiYXpwIjoib2ZmbGluZS10b2tlbi1nZW5lcmF0b3IiLCJub25jZSI6IjQwYTFjYTUxLTFkODQtNDcwNi04YTIyLWEwZGQ0NzBlZWUyYyIsInNlc3Npb25fc3RhdGUiOiJjMjZmYjM5Ni1kMGE4LTQ0MTctYjlhOS0wOTk0ZDE5NWI4ZDEiLCJzY29wZSI6Im9wZW5pZCBvZmZsaW5lX2FjY2VzcyBwcm9maWxlIGVtYWlsIn0.Vt7A7Oga1U_1yxe5zEyK9CV2XIIAi9IN3Uu3BRIlbOM
API Command = https://servicenow.perfectomobile.com/services/executions?operation=execute&scriptKey=PUBLIC:PerfTest_S01_NowMobileESC_UxAnalysis_12thJuly.xml&param.DUT=00008130-000C545E0A92001C&param.testName=ServiceNowApp_PerfTest&param.JobName=ServiceNowApp_PerfTest&param.JobNumber=8&securityToken=eyJhbGciOiJIUzI1NiIsInR5cCIgOiAiSldUIiwia2lkIiA6ICIxYmU1NzJlNy0zZGFiLTQyOTgtODAwMi1kNTcwNzhkYWQyMGMifQ.eyJpYXQiOjE3MTc3NTkyNjIsImp0aSI6ImFiNjhlMmVhLWRjOWQtNDAwYi1iODcwLWUzNzJkZDVhMzNhZSIsImlzcyI6Imh0dHBzOi8vYXV0aDkucGVyZmVjdG9tb2JpbGUuY29tL2F1dGgvcmVhbG1zL3NlcnZpY2Vub3ctcGVyZmVjdG9tb2JpbGUtY29tIiwiYXVkIjoiaHR0cHM6Ly9hdXRoOS5wZXJmZWN0b21vYmlsZS5jb20vYXV0aC9yZWFsbXMvc2VydmljZW5vdy1wZXJmZWN0b21vYmlsZS1jb20iLCJzdWIiOiIyMjI5ZDAwZC03ZTE2LTRmZTItOGE2Yy0xOGQ2NjllNWUxODQiLCJ0eXAiOiJPZmZsaW5lIiwiYXpwIjoib2ZmbGluZS10b2tlbi1nZW5lcmF0b3IiLCJub25jZSI6IjQwYTFjYTUxLTFkODQtNDcwNi04YTIyLWEwZGQ0NzBlZWUyYyIsInNlc3Npb25fc3RhdGUiOiJjMjZmYjM5Ni1kMGE4LTQ0MTctYjlhOS0wOTk0ZDE5NWI4ZDEiLCJzY29wZSI6Im9wZW5pZCBvZmZsaW5lX2FjY2VzcyBwcm9maWxlIGVtYWlsIn0.Vt7A7Oga1U_1yxe5zEyK9CV2XIIAi9IN3Uu3BRIlbOM
API Command = https://servicenow.perfectomobile.com/services/executions?operation=execute&scriptKey=PUBLIC:PerfTest_S01_NowMobileESC_UxAnalysis_12thJuly.xml&param.DUT=00008130-000671280ED2001C&param.testName=ServiceNowApp_PerfTest&param.JobName=ServiceNowApp_PerfTest&param.JobNumber=8&securityToken=eyJhbGciOiJIUzI1NiIsInR5cCIgOiAiSldUIiwia2lkIiA6ICIxYmU1NzJlNy0zZGFiLTQyOTgtODAwMi1kNTcwNzhkYWQyMGMifQ.eyJpYXQiOjE3MTc3NTkyNjIsImp0aSI6ImFiNjhlMmVhLWRjOWQtNDAwYi1iODcwLWUzNzJkZDVhMzNhZSIsImlzcyI6Imh0dHBzOi8vYXV0aDkucGVyZmVjdG9tb2JpbGUuY29tL2F1dGgvcmVhbG1zL3NlcnZpY2Vub3ctcGVyZmVjdG9tb2JpbGUtY29tIiwiYXVkIjoiaHR0cHM6Ly9hdXRoOS5wZXJmZWN0b21vYmlsZS5jb20vYXV0aC9yZWFsbXMvc2VydmljZW5vdy1wZXJmZWN0b21vYmlsZS1jb20iLCJzdWIiOiIyMjI5ZDAwZC03ZTE2LTRmZTItOGE2Yy0xOGQ2NjllNWUxODQiLCJ0eXAiOiJPZmZsaW5lIiwiYXpwIjoib2ZmbGluZS10b2tlbi1nZW5lcmF0b3IiLCJub25jZSI6IjQwYTFjYTUxLTFkODQtNDcwNi04YTIyLWEwZGQ0NzBlZWUyYyIsInNlc3Npb25fc3RhdGUiOiJjMjZmYjM5Ni1kMGE4LTQ0MTctYjlhOS0wOTk0ZDE5NWI4ZDEiLCJzY29wZSI6Im9wZW5pZCBvZmZsaW5lX2FjY2VzcyBwcm9maWxlIGVtYWlsIn0.Vt7A7Oga1U_1yxe5zEyK9CV2XIIAi9IN3Uu3BRIlbOM
API Command = https://servicenow.perfectomobile.com/services/executions?operation=execute&scriptKey=PUBLIC:PerfTest_S01_NowMobileESC_UxAnalysis_12thJuly.xml&param.DUT=00008120-001934890C38A01E&param.testName=ServiceNowApp_PerfTest&param.JobName=ServiceNowApp_PerfTest&param.JobNumber=8&securityToken=eyJhbGciOiJIUzI1NiIsInR5cCIgOiAiSldUIiwia2lkIiA6ICIxYmU1NzJlNy0zZGFiLTQyOTgtODAwMi1kNTcwNzhkYWQyMGMifQ.eyJpYXQiOjE3MTc3NTkyNjIsImp0aSI6ImFiNjhlMmVhLWRjOWQtNDAwYi1iODcwLWUzNzJkZDVhMzNhZSIsImlzcyI6Imh0dHBzOi8vYXV0aDkucGVyZmVjdG9tb2JpbGUuY29tL2F1dGgvcmVhbG1zL3NlcnZpY2Vub3ctcGVyZmVjdG9tb2JpbGUtY29tIiwiYXVkIjoiaHR0cHM6Ly9hdXRoOS5wZXJmZWN0b21vYmlsZS5jb20vYXV0aC9yZWFsbXMvc2VydmljZW5vdy1wZXJmZWN0b21vYmlsZS1jb20iLCJzdWIiOiIyMjI5ZDAwZC03ZTE2LTRmZTItOGE2Yy0xOGQ2NjllNWUxODQiLCJ0eXAiOiJPZmZsaW5lIiwiYXpwIjoib2ZmbGluZS10b2tlbi1nZW5lcmF0b3IiLCJub25jZSI6IjQwYTFjYTUxLTFkODQtNDcwNi04YTIyLWEwZGQ0NzBlZWUyYyIsInNlc3Npb25fc3RhdGUiOiJjMjZmYjM5Ni1kMGE4LTQ0MTctYjlhOS0wOTk0ZDE5NWI4ZDEiLCJzY29wZSI6Im9wZW5pZCBvZmZsaW5lX2FjY2VzcyBwcm9maWxlIGVtYWlsIn0.Vt7A7Oga1U_1yxe5zEyK9CV2XIIAi9IN3Uu3BRIlbOM
200 OK
{"reportPdfUrl":"https://servicenow.app.perfectomobile.com/export/api/v3/test-executions/pdf?externalId[0]=guruswamy.bm@perfectomobile.com_PerfTest_S01_NowMobileESC_UxAnalysis_12thJuly_24-07-15_06_28_58_5401&_timestamp[0]=1721024938707","executionId":"guruswamy.bm@perfectomobile.com_PerfTest_S01_NowMobileESC_UxAnalysis_12thJuly_24-07-15_06_28_58_5401","testGridReportUrl":"https://servicenow.app.perfectomobile.com/reporting/library?externalId[0]=guruswamy.bm@perfectomobile.com_PerfTest_S01_NowMobileESC_UxAnalysis_12thJuly_24-07-15_06_28_58_5401&_timestamp[0]=1721024938707","sessionId":null}
guruswamy.bm@perfectomobile.com_PerfTest_S01_NowMobileESC_UxAnalysis_12thJuly_24-07-15_06_28_58_5401
200 OK
{"reportPdfUrl":"https://servicenow.app.perfectomobile.com/export/api/v3/test-executions/pdf?externalId[0]=guruswamy.bm@perfectomobile.com_PerfTest_S01_NowMobileESC_UxAnalysis_12thJuly_24-07-15_06_28_58_5402&_timestamp[0]=1721024938754","executionId":"guruswamy.bm@perfectomobile.com_PerfTest_S01_NowMobileESC_UxAnalysis_12thJuly_24-07-15_06_28_58_5402","testGridReportUrl":"https://servicenow.app.perfectomobile.com/reporting/library?externalId[0]=guruswamy.bm@perfectomobile.com_PerfTest_S01_NowMobileESC_UxAnalysis_12thJuly_24-07-15_06_28_58_5402&_timestamp[0]=1721024938754","sessionId":null}
guruswamy.bm@perfectomobile.com_PerfTest_S01_NowMobileESC_UxAnalysis_12thJuly_24-07-15_06_28_58_5402
200 OK
{"reportPdfUrl":"https://servicenow.app.perfectomobile.com/export/api/v3/test-executions/pdf?externalId[0]=guruswamy.bm@perfectomobile.com_PerfTest_S01_NowMobileESC_UxAnalysis_12thJuly_24-07-15_06_28_58_5404&_timestamp[0]=1721024938761","executionId":"guruswamy.bm@perfectomobile.com_PerfTest_S01_NowMobileESC_UxAnalysis_12thJuly_24-07-15_06_28_58_5404","testGridReportUrl":"https://servicenow.app.perfectomobile.com/reporting/library?externalId[0]=guruswamy.bm@perfectomobile.com_PerfTest_S01_NowMobileESC_UxAnalysis_12thJuly_24-07-15_06_28_58_5404&_timestamp[0]=1721024938761","sessionId":"guruswamy.bm@perfectomobile.com_PerfTest_S01_NowMobileESC_UxAnalysis_12thJuly_24-07-15_06_28_58_5404"}
guruswamy.bm@perfectomobile.com_PerfTest_S01_NowMobileESC_UxAnalysis_12thJuly_24-07-15_06_28_58_5404
200 OK
{"reportPdfUrl":"https://servicenow.app.perfectomobile.com/export/api/v3/test-executions/pdf?externalId[0]=guruswamy.bm@perfectomobile.com_PerfTest_S01_NowMobileESC_UxAnalysis_12thJuly_24-07-15_06_28_58_5403&_timestamp[0]=1721024938783","executionId":"guruswamy.bm@perfectomobile.com_PerfTest_S01_NowMobileESC_UxAnalysis_12thJuly_24-07-15_06_28_58_5403","testGridReportUrl":"https://servicenow.app.perfectomobile.com/reporting/library?externalId[0]=guruswamy.bm@perfectomobile.com_PerfTest_S01_NowMobileESC_UxAnalysis_12thJuly_24-07-15_06_28_58_5403&_timestamp[0]=1721024938783","sessionId":"guruswamy.bm@perfectomobile.com_PerfTest_S01_NowMobileESC_UxAnalysis_12thJuly_24-07-15_06_28_58_5403"}
guruswamy.bm@perfectomobile.com_PerfTest_S01_NowMobileESC_UxAnalysis_12thJuly_24-07-15_06_28_58_5403
200 OK
200 OK
Waiting for Script completion. Script Status = Initializing   , progressPercentage = 0.0
Waiting for Script completion. Script Status = Initializing   , progressPercentage = 0.0
200 OK
Waiting for Script completion. Script Status = Initializing   , progressPercentage = 0.0
200 OK
Waiting for Script completion. Script Status = Initializing   , progressPercentage = 0.0
200 OK
Waiting for Script completion. Script Status = Running   , progressPercentage = 2.739726
200 OK
Waiting for Script completion. Script Status = Running   , progressPercentage = 2.739726
200 OK
Waiting for Script completion. Script Status = Running   , progressPercentage = 2.739726
200 OK
Waiting for Script completion. Script Status = Running   , progressPercentage = 2.739726
200 OK
Waiting for Script completion. Script Status = Running   , progressPercentage = 6.849315
200 OK
200 OK
200 OK
Waiting for Script completion. Script Status = Running   , progressPercentage = 6.849315
Waiting for Script completion. Script Status = Running   , progressPercentage = 6.849315
Waiting for Script completion. Script Status = Running   , progressPercentage = 6.849315
200 OK
Waiting for Script completion. Script Status = Running   , progressPercentage = 9.589041
200 OK
Waiting for Script completion. Script Status = Running   , progressPercentage = 9.589041
200 OK
Waiting for Script completion. Script Status = Running   , progressPercentage = 9.589041
200 OK
Waiting for Script completion. Script Status = Running   , progressPercentage = 10.958904
200 OK
200 OK
Waiting for Script completion. Script Status = Running   , progressPercentage = 10.958904
Waiting for Script completion. Script Status = Running   , progressPercentage = 10.958904
200 OK
Waiting for Script completion. Script Status = Running   , progressPercentage = 10.958904
200 OK
Waiting for Script completion. Script Status = Running   , progressPercentage = 15.068494
200 OK
Waiting for Script completion. Script Status = Running   , progressPercentage = 10.958904
200 OK
Waiting for Script completion. Script Status = Running   , progressPercentage = 24.657534
200 OK
Waiting for Script completion. Script Status = Running   , progressPercentage = 24.657534
200 OK
Waiting for Script completion. Script Status = Running   , progressPercentage = 10.958904
200 OK
200 OK
200 OK
200 OK
Waiting for Script completion. Script Status = Running   , progressPercentage = 10.958904
Waiting for Script completion. Script Status = Running   , progressPercentage = 28.767124
Waiting for Script completion. Script Status = Running   , progressPercentage = 10.958904
Waiting for Script completion. Script Status = Running   , progressPercentage = 28.767124
200 OK
200 OK
200 OK
200 OK
Waiting for Script completion. Script Status = Running   , progressPercentage = 34.246574
Waiting for Script completion. Script Status = Running   , progressPercentage = 10.958904
Waiting for Script completion. Script Status = Running   , progressPercentage = 10.958904
Waiting for Script completion. Script Status = Running   , progressPercentage = 34.246574
200 OK
Waiting for Script completion. Script Status = Running   , progressPercentage = 36.9863
200 OK
Waiting for Script completion. Script Status = Running   , progressPercentage = 10.958904
200 OK
Waiting for Script completion. Script Status = Running   , progressPercentage = 36.9863
200 OK
Waiting for Script completion. Script Status = Running   , progressPercentage = 10.958904
200 OK
200 OK
200 OK
200 OK
Waiting for Script completion. Script Status = Running   , progressPercentage = 41.09589
Waiting for Script completion. Script Status = Running   , progressPercentage = 10.958904
Waiting for Script completion. Script Status = Running   , progressPercentage = 41.09589
Waiting for Script completion. Script Status = Running   , progressPercentage = 10.958904
200 OK
Waiting for Script completion. Script Status = Running   , progressPercentage = 41.09589
200 OK
Waiting for Script completion. Script Status = Running   , progressPercentage = 41.09589
200 OK
Waiting for Script completion. Script Status = Running   , progressPercentage = 10.958904
200 OK
Waiting for Script completion. Script Status = Running   , progressPercentage = 10.958904
200 OK
Waiting for Script completion. Script Status = Running   , progressPercentage = 41.09589
200 OK
Waiting for Script completion. Script Status = Running   , progressPercentage = 10.958904
200 OK
Waiting for Script completion. Script Status = Running   , progressPercentage = 41.09589
200 OK
Waiting for Script completion. Script Status = Running   , progressPercentage = 10.958904
200 OK
Waiting for Script completion. Script Status = Running   , progressPercentage = 41.09589
200 OK
Waiting for Script completion. Script Status = Running   , progressPercentage = 21.917809
200 OK
Waiting for Script completion. Script Status = Running   , progressPercentage = 45.20548
200 OK
Waiting for Script completion. Script Status = Running   , progressPercentage = 21.917809
200 OK
Waiting for Script completion. Script Status = Running   , progressPercentage = 46.575344
200 OK
Waiting for Script completion. Script Status = Running   , progressPercentage = 21.917809
200 OK
Waiting for Script completion. Script Status = Running   , progressPercentage = 49.315067
200 OK
Waiting for Script completion. Script Status = Terminating   , progressPercentage = 21.917809
200 OK
Waiting for Script completion. Script Status = Running   , progressPercentage = 50.68493
200 OK
Waiting for Script completion. Script Status = Running   , progressPercentage = 21.917809
200 OK
Waiting for Script completion. Script Status = Running   , progressPercentage = 50.68493
200 OK
200 OK
Waiting for Script completion. Script Status = Running   , progressPercentage = 54.79452
200 OK
Waiting for Script completion. Script Status = Running   , progressPercentage = 21.917809
200 OK
Waiting for Script completion. Script Status = Running   , progressPercentage = 56.164383
200 OK
Waiting for Script completion. Script Status = Running   , progressPercentage = 56.164383
200 OK
Waiting for Script completion. Script Status = Running   , progressPercentage = 21.917809
200 OK
Waiting for Script completion. Script Status = Running   , progressPercentage = 61.643833
200 OK
Waiting for Script completion. Script Status = Running   , progressPercentage = 61.643833
200 OK
Waiting for Script completion. Script Status = Running   , progressPercentage = 21.917809
200 OK
Waiting for Script completion. Script Status = Running   , progressPercentage = 63.013695
200 OK
Waiting for Script completion. Script Status = Running   , progressPercentage = 63.013695
200 OK
Waiting for Script completion. Script Status = Running   , progressPercentage = 21.917809
SplunkIntegration.splunk.SplunkReportingCollector@34f50034
Unix timestamp for today: 1721001600000
Unix timestamp for yesterday: 1720938642000
Unix timestamp for 7 days ago: 1720420242000
Unix timestamp for 14 days ago: 1719815442000
Unix timestamp for 30 days ago: 1718433042000
12:00:42,261 |-INFO in ch.qos.logback.classic.LoggerContext[default] - Could NOT find resource [logback-test.xml]
12:00:42,261 |-INFO in ch.qos.logback.classic.LoggerContext[default] - Could NOT find resource [logback.groovy]
12:00:42,261 |-INFO in ch.qos.logback.classic.LoggerContext[default] - Found resource [logback.xml] at [file:/Users/gbm/Downloads/eclipse-workspace1/PeformanceInteractiveDashboard/target/classes/logback.xml]
12:00:42,261 |-WARN in ch.qos.logback.classic.LoggerContext[default] - Resource [logback.xml] occurs multiple times on the classpath.
12:00:42,261 |-WARN in ch.qos.logback.classic.LoggerContext[default] - Resource [logback.xml] occurs at [file:/Users/gbm/Downloads/eclipse-workspace1/PeformanceInteractiveDashboard/target/classes/logback.xml]
12:00:42,261 |-WARN in ch.qos.logback.classic.LoggerContext[default] - Resource [logback.xml] occurs at [jar:file:/Users/gbm/.m2/repository/com/perfectomobile/pm-webdriver/18.6.0.0/pm-webdriver-18.6.0.0.jar!/logback.xml]
12:00:42,288 |-INFO in ch.qos.logback.classic.joran.action.ConfigurationAction - debug attribute not set
12:00:42,289 |-INFO in ch.qos.logback.core.joran.action.StatusListenerAction - Added status listener of type [ch.qos.logback.core.status.OnConsoleStatusListener]
12:00:42,300 |-INFO in ch.qos.logback.core.joran.action.AppenderAction - About to instantiate appender of type [ch.qos.logback.core.ConsoleAppender]
12:00:42,304 |-INFO in ch.qos.logback.core.joran.action.AppenderAction - Naming appender as [STDOUT]
12:00:42,307 |-INFO in ch.qos.logback.core.joran.action.NestedComplexPropertyIA - Assuming default type [ch.qos.logback.classic.encoder.PatternLayoutEncoder] for [encoder] property
12:00:42,321 |-INFO in ch.qos.logback.classic.joran.action.RootLoggerAction - Setting level of ROOT logger to ERROR
12:00:42,321 |-INFO in ch.qos.logback.core.joran.action.AppenderRefAction - Attaching appender named [STDOUT] to Logger[ROOT]
12:00:42,322 |-INFO in ch.qos.logback.classic.joran.action.LoggerAction - Setting level of logger [org.apache.http] to ERROR
12:00:42,322 |-INFO in ch.qos.logback.classic.joran.action.LoggerAction - Setting level of logger [org.apache.http.wire] to ERROR
12:00:42,322 |-INFO in ch.qos.logback.classic.joran.action.LoggerAction - Setting level of logger [org.apache.http.impl.conn] to ERROR
12:00:42,322 |-INFO in ch.qos.logback.classic.joran.action.ConfigurationAction - End of configuration.
12:00:42,323 |-INFO in ch.qos.logback.classic.joran.JoranConfigurator@72f0c34b - Registering current configuration as safe fallback point
200 OK
Waiting for Script completion. Script Status = Running   , progressPercentage = 67.12329

****** 00008130-000671280ED2001C  Last Transaction Page Load Details *******
    Transaction Name 			Page Load Time


************************** 00008130-000671280ED2001C: Average Value of TODAY*********************************
 			****  00008130-000671280ED2001C  TODAY's Average Map ****
200 OK
Waiting for Script completion. Script Status = Running   , progressPercentage = 68.49315
200 OK
Waiting for Script completion. Script Status = Running   , progressPercentage = 21.917809
200 OK
Waiting for Script completion. Script Status = Running   , progressPercentage = 76.712326
************************** 00008130-000671280ED2001C: Average Value of YESTERDAY*********************************
 			****  00008130-000671280ED2001C  YESTERDAY's Average Map ****
200 OK
Waiting for Script completion. Script Status = Running   , progressPercentage = 76.712326
200 OK
Waiting for Script completion. Script Status = Running   , progressPercentage = 21.917809
200 OK
Waiting for Script completion. Script Status = Running   , progressPercentage = 82.19178
************************** 00008130-000671280ED2001C: Average Value of 7-DAYS-AGO*********************************
 			****  00008130-000671280ED2001C  7-DAYS-AGO Average Map ****
200 OK
Waiting for Script completion. Script Status = Running   , progressPercentage = 86.30137
200 OK
Waiting for Script completion. Script Status = Running   , progressPercentage = 21.917809
200 OK
Waiting for Script completion. Script Status = Running   , progressPercentage = 87.671234
************************** 00008130-000671280ED2001C: Average Value of 14-DAYS-AGO*********************************
 ****  00008130-000671280ED2001C  14-DAYS-AGO Average Map ****
200 OK
Waiting for Script completion. Script Status = Running   , progressPercentage = 89.0411
200 OK
Waiting for Script completion. Script Status = Running   , progressPercentage = 23.287672
200 OK
Waiting for Script completion. Script Status = Running   , progressPercentage = 89.0411
200 OK
Waiting for Script completion. Script Status = Running   , progressPercentage = 89.0411
************************** 00008130-000671280ED2001C: Average Value of 30-DAYS-AGO*********************************
https://servicenow.reporting.perfectomobile.com/export/api/v1/test-executions?externalId%5B0%5D=guruswamy.bm%40perfectomobile.com_PerfTest_S01_NowMobileESC_UxAnalysis_12thJuly_24-07-15_06_28_58_5401
200 OK
Waiting for Script completion. Script Status = Terminating   , progressPercentage = 23.287672
200 OK
Waiting for Script completion. Script Status = Running   , progressPercentage = 89.0411
Report still Generating. Waiting some more Time
]]></system-out>
  </testcase>
  <testcase name="updateSplunkDashboard" classname="SplunkIntegration.InteractiveSplunkDashboard" time="177.92"/>
  <testcase name="updateSplunkDashboard" classname="SplunkIntegration.InteractiveSplunkDashboard" time="211.011"/>
  <testcase name="updateSplunkDashboard" classname="SplunkIntegration.InteractiveSplunkDashboard" time="219.562"/>
</testsuite>