<?xml version="1.0" encoding="UTF-8"?>
<!-- Generated by org.testng.reporters.JUnitReportReporter -->
<testsuite hostname="gbm0122" failures="0" tests="4" name="SplunkIntegration.InteractiveSplunkDashboard" time="741.361" errors="1" timestamp="15 Jul 2024 06:32:37 GMT" skipped="0">
  <testcase classname="SplunkIntegration.InteractiveSplunkDashboard" name="updateSplunkDashboard" time="132.868">
    <error type="java.lang.NullPointerException">
      <![CDATA[java.lang.NullPointerException
at SplunkIntegration.pages.CommonFunctions.downloadArtifact(CommonFunctions.java:505)
at SplunkIntegration.pages.CommonFunctions.retrieveAndSubmitHARAnalysis(CommonFunctions.java:167)
at SplunkIntegration.InteractiveSplunkDashboard.updateSplunkDashboard(InteractiveSplunkDashboard.java:30)
at java.base/jdk.internal.reflect.NativeMethodAccessorImpl.invoke0(Native Method)
at java.base/jdk.internal.reflect.NativeMethodAccessorImpl.invoke(NativeMethodAccessorImpl.java:62)
at java.base/jdk.internal.reflect.DelegatingMethodAccessorImpl.invoke(DelegatingMethodAccessorImpl.java:43)
at java.base/java.lang.reflect.Method.invoke(Method.java:566)
at org.testng.internal.MethodInvocationHelper.invokeMethod(MethodInvocationHelper.java:124)
at org.testng.internal.Invoker.invokeMethod(Invoker.java:580)
at org.testng.internal.Invoker.invokeTestMethod(Invoker.java:716)
at org.testng.internal.Invoker.invokeTestMethods(Invoker.java:988)
at org.testng.internal.TestMethodWorker.invokeTestMethods(TestMethodWorker.java:125)
at org.testng.internal.TestMethodWorker.run(TestMethodWorker.java:109)
at org.testng.TestRunner.privateRun(TestRunner.java:648)
at org.testng.TestRunner.run(TestRunner.java:505)
at org.testng.SuiteRunner.runTest(SuiteRunner.java:455)
at org.testng.SuiteRunner.access$000(SuiteRunner.java:40)
at org.testng.SuiteRunner$SuiteWorker.run(SuiteRunner.java:489)
at org.testng.internal.thread.ThreadUtil$1.call(ThreadUtil.java:52)
at java.base/java.util.concurrent.FutureTask.run(FutureTask.java:264)
at java.base/java.util.concurrent.ThreadPoolExecutor.runWorker(ThreadPoolExecutor.java:1128)
at java.base/java.util.concurrent.ThreadPoolExecutor$Worker.run(ThreadPoolExecutor.java:628)
at java.base/java.lang.Thread.run(Thread.java:829)
]]>
    </error>
  </testcase> <!-- updateSplunkDashboard -->
  <testcase classname="SplunkIntegration.InteractiveSplunkDashboard" name="updateSplunkDashboard" time="211.011"/>
  <testcase classname="SplunkIntegration.InteractiveSplunkDashboard" name="updateSplunkDashboard" time="177.913"/>
  <testcase classname="SplunkIntegration.InteractiveSplunkDashboard" name="updateSplunkDashboard" time="219.569"/>
</testsuite> <!-- SplunkIntegration.InteractiveSplunkDashboard -->
